android/manifest-merger-release-report.txt
-- Merging decision tree log ---
manifest
ADDED from AndroidManifest.xml:2:1
	package
		ADDED from AndroidManifest.xml:3:5
	android:versionName
		ADDED from AndroidManifest.xml:5:5
	android:versionCode
		ADDED from AndroidManifest.xml:4:5
		INJECTED from AndroidManifest.xml:0:0
		INJECTED from AndroidManifest.xml:0:0
	xmlns:android
		ADDED from AndroidManifest.xml:2:11
uses-sdk
ADDED from AndroidManifest.xml:7:5
	android:targetSdkVersion
		ADDED from AndroidManifest.xml:7:42
	android:minSdkVersion
		ADDED from AndroidManifest.xml:7:15
uses-permission#android.permission.NFC
ADDED from AndroidManifest.xml:9:5
	android:name
		ADDED from AndroidManifest.xml:9:22
uses-permission#android.permission.WAKE_LOCK
ADDED from AndroidManifest.xml:10:5
	android:name
		ADDED from AndroidManifest.xml:10:22
uses-permission#android.permission.INTERNET
ADDED from AndroidManifest.xml:11:5
	android:name
		ADDED from AndroidManifest.xml:11:22
uses-permission#android.permission.RECORD_AUDIO
ADDED from AndroidManifest.xml:12:5
	android:name
		ADDED from AndroidManifest.xml:12:22
application
ADDED from AndroidManifest.xml:14:5
	android:label
		ADDED from AndroidManifest.xml:17:9
	android:allowBackup
		ADDED from AndroidManifest.xml:15:9
	android:icon
		ADDED from AndroidManifest.xml:16:9
	android:theme
		ADDED from AndroidManifest.xml:18:9
activity#ffcm.pitnfc.AndroidLauncher
ADDED from AndroidManifest.xml:20:9
	android:screenOrientation
		ADDED from AndroidManifest.xml:23:13
	android:label
		ADDED from AndroidManifest.xml:22:13
	android:configChanges
		ADDED from AndroidManifest.xml:24:13
	android:name
		ADDED from AndroidManifest.xml:21:13
intent-filter#android.intent.action.MAIN+android.intent.category.LAUNCHER
ADDED from AndroidManifest.xml:26:13
action#android.intent.action.MAIN
ADDED from AndroidManifest.xml:27:17
	android:name
		ADDED from AndroidManifest.xml:27:25
category#android.intent.category.LAUNCHER
ADDED from AndroidManifest.xml:28:17
	android:name
		ADDED from AndroidManifest.xml:28:27
intent-filter#android.intent.category.DEFAULT+android.nfc.action.NDEF_DISCOVERED
ADDED from AndroidManifest.xml:31:13
action#android.nfc.action.NDEF_DISCOVERED
ADDED from AndroidManifest.xml:32:8
	android:name
		ADDED from AndroidManifest.xml:32:16
category#android.intent.category.DEFAULT
ADDED from AndroidManifest.xml:33:8
	android:name
		ADDED from AndroidManifest.xml:33:18
data
ADDED from AndroidManifest.xml:34:8
	android:mimeType
		ADDED from AndroidManifest.xml:34:14
intent-filter#android.nfc.action.TECH_DISCOVERED
ADDED from AndroidManifest.xml:37:4
action#android.nfc.action.TECH_DISCOVERED
ADDED from AndroidManifest.xml:38:11
	android:name
		ADDED from AndroidManifest.xml:38:19
meta-data#android.nfc.action.TECH_DISCOVERED
ADDED from AndroidManifest.xml:41:13
	android:resource
		ADDED from AndroidManifest.xml:41:74
	android:name
		ADDED from AndroidManifest.xml:41:24